{"/Users/liangyingliu/Desktop/Morph/packages/components/index.ts": {"path":"/Users/liangyingliu/Desktop/Morph/packages/components/index.ts","all":true,"statementMap":{"0":{"start":{"line":1,"column":0},"end":{"line":1,"column":25}},"1":{"start":{"line":2,"column":0},"end":{"line":2,"column":23}},"2":{"start":{"line":3,"column":0},"end":{"line":3,"column":27}},"3":{"start":{"line":4,"column":0},"end":{"line":4,"column":26}},"4":{"start":{"line":5,"column":0},"end":{"line":5,"column":24}}},"s":{"0":0,"1":0,"2":0,"3":0,"4":0},"branchMap":{"0":{"type":"branch","line":1,"loc":{"start":{"line":1,"column":129},"end":{"line":5,"column":24}},"locations":[{"start":{"line":1,"column":129},"end":{"line":5,"column":24}}]}},"b":{"0":[0]},"fnMap":{"0":{"name":"(empty-report)","decl":{"start":{"line":1,"column":129},"end":{"line":5,"column":24}},"loc":{"start":{"line":1,"column":129},"end":{"line":5,"column":24}},"line":1}},"f":{"0":0}}
,"/Users/liangyingliu/Desktop/Morph/packages/components/Alert/Alert.vue": {"path":"/Users/liangyingliu/Desktop/Morph/packages/components/Alert/Alert.vue","all":false,"statementMap":{"0":{"start":{"line":1,"column":0},"end":{"line":1,"column":24}},"1":{"start":{"line":2,"column":0},"end":{"line":2,"column":69}},"2":{"start":{"line":3,"column":0},"end":{"line":3,"column":37}},"3":{"start":{"line":4,"column":0},"end":{"line":4,"column":50}},"4":{"start":{"line":5,"column":0},"end":{"line":5,"column":46}},"5":{"start":{"line":6,"column":0},"end":{"line":6,"column":15}},"6":{"start":{"line":7,"column":0},"end":{"line":7,"column":17}},"7":{"start":{"line":8,"column":0},"end":{"line":8,"column":3}},"8":{"start":{"line":9,"column":0},"end":{"line":9,"column":0}},"9":{"start":{"line":10,"column":0},"end":{"line":10,"column":55}},"10":{"start":{"line":11,"column":0},"end":{"line":11,"column":18}},"11":{"start":{"line":12,"column":0},"end":{"line":12,"column":15}},"12":{"start":{"line":13,"column":0},"end":{"line":13,"column":17}},"13":{"start":{"line":14,"column":0},"end":{"line":14,"column":3}},"14":{"start":{"line":15,"column":0},"end":{"line":15,"column":0}},"15":{"start":{"line":16,"column":0},"end":{"line":16,"column":40}},"16":{"start":{"line":17,"column":0},"end":{"line":17,"column":25}},"17":{"start":{"line":18,"column":0},"end":{"line":18,"column":0}},"18":{"start":{"line":19,"column":0},"end":{"line":19,"column":26}},"19":{"start":{"line":20,"column":0},"end":{"line":20,"column":0}},"20":{"start":{"line":21,"column":0},"end":{"line":21,"column":78}},"21":{"start":{"line":22,"column":0},"end":{"line":22,"column":75}},"22":{"start":{"line":23,"column":0},"end":{"line":23,"column":0}},"23":{"start":{"line":24,"column":0},"end":{"line":24,"column":18}},"24":{"start":{"line":25,"column":0},"end":{"line":25,"column":24}},"25":{"start":{"line":26,"column":0},"end":{"line":26,"column":17}},"26":{"start":{"line":27,"column":0},"end":{"line":27,"column":1}},"27":{"start":{"line":28,"column":0},"end":{"line":28,"column":0}},"28":{"start":{"line":29,"column":0},"end":{"line":29,"column":17}},"29":{"start":{"line":30,"column":0},"end":{"line":30,"column":23}},"30":{"start":{"line":31,"column":0},"end":{"line":31,"column":1}},"31":{"start":{"line":32,"column":0},"end":{"line":32,"column":0}},"32":{"start":{"line":33,"column":0},"end":{"line":33,"column":29}},"33":{"start":{"line":34,"column":0},"end":{"line":34,"column":8}},"34":{"start":{"line":35,"column":0},"end":{"line":35,"column":7}},"35":{"start":{"line":36,"column":0},"end":{"line":36,"column":3}},"36":{"start":{"line":37,"column":0},"end":{"line":37,"column":9}},"37":{"start":{"line":38,"column":0},"end":{"line":38,"column":0}},"38":{"start":{"line":39,"column":0},"end":{"line":39,"column":10}},"39":{"start":{"line":40,"column":0},"end":{"line":40,"column":34}},"40":{"start":{"line":41,"column":0},"end":{"line":41,"column":51}},"41":{"start":{"line":42,"column":0},"end":{"line":42,"column":32}},"42":{"start":{"line":43,"column":0},"end":{"line":43,"column":36}},"43":{"start":{"line":44,"column":0},"end":{"line":44,"column":28}},"44":{"start":{"line":45,"column":0},"end":{"line":45,"column":7}},"45":{"start":{"line":46,"column":0},"end":{"line":46,"column":111}},"46":{"start":{"line":47,"column":0},"end":{"line":47,"column":35}},"47":{"start":{"line":48,"column":0},"end":{"line":48,"column":77}},"48":{"start":{"line":49,"column":0},"end":{"line":49,"column":72}},"49":{"start":{"line":50,"column":0},"end":{"line":50,"column":47}},"50":{"start":{"line":51,"column":0},"end":{"line":51,"column":15}},"51":{"start":{"line":52,"column":0},"end":{"line":52,"column":39}},"52":{"start":{"line":53,"column":0},"end":{"line":53,"column":40}},"53":{"start":{"line":54,"column":0},"end":{"line":54,"column":12}},"54":{"start":{"line":55,"column":0},"end":{"line":55,"column":51}},"55":{"start":{"line":56,"column":0},"end":{"line":56,"column":53}},"56":{"start":{"line":57,"column":0},"end":{"line":57,"column":14}},"57":{"start":{"line":58,"column":0},"end":{"line":58,"column":12}},"58":{"start":{"line":59,"column":0},"end":{"line":59,"column":10}},"59":{"start":{"line":60,"column":0},"end":{"line":60,"column":15}},"60":{"start":{"line":61,"column":0},"end":{"line":61,"column":11}},"61":{"start":{"line":62,"column":0},"end":{"line":62,"column":0}},"62":{"start":{"line":63,"column":0},"end":{"line":63,"column":14}},"63":{"start":{"line":64,"column":0},"end":{"line":64,"column":22}},"64":{"start":{"line":65,"column":0},"end":{"line":65,"column":8}}},"s":{"0":4,"1":1,"2":1,"3":1,"4":1,"5":1,"6":1,"7":1,"8":1,"9":1,"10":1,"11":1,"12":1,"13":1,"14":1,"15":1,"16":1,"17":1,"18":1,"19":1,"20":1,"21":1,"22":1,"23":2,"24":2,"25":2,"26":2,"27":1,"28":1,"29":1,"30":1,"31":1,"32":1,"33":1,"34":1,"35":1,"36":1,"37":1,"38":1,"39":1,"40":1,"41":1,"42":1,"43":1,"44":1,"45":1,"46":1,"47":1,"48":1,"49":1,"50":1,"51":1,"52":1,"53":1,"54":1,"55":1,"56":1,"57":1,"58":1,"59":1,"60":1,"61":1,"62":1,"63":1,"64":1},"branchMap":{"0":{"type":"branch","line":21,"loc":{"start":{"line":21,"column":26},"end":{"line":21,"column":76}},"locations":[{"start":{"line":21,"column":26},"end":{"line":21,"column":76}}]},"1":{"type":"branch","line":21,"loc":{"start":{"line":21,"column":58},"end":{"line":21,"column":76}},"locations":[{"start":{"line":21,"column":58},"end":{"line":21,"column":76}}]},"2":{"type":"branch","line":22,"loc":{"start":{"line":22,"column":33},"end":{"line":22,"column":73}},"locations":[{"start":{"line":22,"column":33},"end":{"line":22,"column":73}}]},"3":{"type":"branch","line":22,"loc":{"start":{"line":22,"column":45},"end":{"line":22,"column":73}},"locations":[{"start":{"line":22,"column":45},"end":{"line":22,"column":73}}]},"4":{"type":"branch","line":24,"loc":{"start":{"line":24,"column":0},"end":{"line":27,"column":1}},"locations":[{"start":{"line":24,"column":0},"end":{"line":27,"column":1}}]},"5":{"type":"branch","line":29,"loc":{"start":{"line":29,"column":0},"end":{"line":31,"column":1}},"locations":[{"start":{"line":29,"column":0},"end":{"line":31,"column":1}}]},"6":{"type":"branch","line":46,"loc":{"start":{"line":46,"column":20},"end":{"line":46,"column":111}},"locations":[{"start":{"line":46,"column":20},"end":{"line":46,"column":111}}]},"7":{"type":"branch","line":46,"loc":{"start":{"line":46,"column":99},"end":{"line":46,"column":111}},"locations":[{"start":{"line":46,"column":99},"end":{"line":46,"column":111}}]},"8":{"type":"branch","line":49,"loc":{"start":{"line":49,"column":29},"end":{"line":49,"column":48}},"locations":[{"start":{"line":49,"column":29},"end":{"line":49,"column":48}}]},"9":{"type":"branch","line":49,"loc":{"start":{"line":49,"column":40},"end":{"line":49,"column":72}},"locations":[{"start":{"line":49,"column":40},"end":{"line":49,"column":72}}]},"10":{"type":"branch","line":49,"loc":{"start":{"line":49,"column":48},"end":{"line":49,"column":72}},"locations":[{"start":{"line":49,"column":48},"end":{"line":49,"column":72}}]},"11":{"type":"branch","line":1,"loc":{"start":{"line":1,"column":0},"end":{"line":1,"column":24}},"locations":[{"start":{"line":1,"column":0},"end":{"line":1,"column":24}}]},"12":{"type":"branch","line":50,"loc":{"start":{"line":50,"column":10},"end":{"line":50,"column":47}},"locations":[{"start":{"line":50,"column":10},"end":{"line":50,"column":47}}]}},"b":{"0":[6],"1":[1],"2":[13],"3":[11],"4":[2],"5":[1],"6":[6],"7":[10],"8":[1],"9":[1],"10":[15],"11":[4],"12":[15]},"fnMap":{"0":{"name":"close","decl":{"start":{"line":24,"column":0},"end":{"line":27,"column":1}},"loc":{"start":{"line":24,"column":0},"end":{"line":27,"column":1}},"line":24},"1":{"name":"open","decl":{"start":{"line":29,"column":0},"end":{"line":31,"column":1}},"loc":{"start":{"line":29,"column":0},"end":{"line":31,"column":1}},"line":29}},"f":{"0":2,"1":1}}
,"/Users/liangyingliu/Desktop/Morph/packages/components/Alert/index.ts": {"path":"/Users/liangyingliu/Desktop/Morph/packages/components/Alert/index.ts","all":true,"statementMap":{"0":{"start":{"line":1,"column":0},"end":{"line":1,"column":32}},"1":{"start":{"line":2,"column":0},"end":{"line":2,"column":50}},"2":{"start":{"line":3,"column":0},"end":{"line":3,"column":0}},"3":{"start":{"line":4,"column":0},"end":{"line":4,"column":41}},"4":{"start":{"line":5,"column":0},"end":{"line":5,"column":0}},"5":{"start":{"line":6,"column":0},"end":{"line":6,"column":24}}},"s":{"0":0,"1":0,"2":0,"3":0,"4":0,"5":0},"branchMap":{"0":{"type":"branch","line":1,"loc":{"start":{"line":1,"column":152},"end":{"line":6,"column":24}},"locations":[{"start":{"line":1,"column":152},"end":{"line":6,"column":24}}]}},"b":{"0":[0]},"fnMap":{"0":{"name":"(empty-report)","decl":{"start":{"line":1,"column":152},"end":{"line":6,"column":24}},"loc":{"start":{"line":1,"column":152},"end":{"line":6,"column":24}},"line":1}},"f":{"0":0}}
,"/Users/liangyingliu/Desktop/Morph/packages/components/Button/Button.vue": {"path":"/Users/liangyingliu/Desktop/Morph/packages/components/Button/Button.vue","all":false,"statementMap":{"0":{"start":{"line":1,"column":0},"end":{"line":1,"column":24}},"1":{"start":{"line":2,"column":0},"end":{"line":2,"column":37}},"2":{"start":{"line":3,"column":0},"end":{"line":3,"column":67}},"3":{"start":{"line":4,"column":0},"end":{"line":4,"column":44}},"4":{"start":{"line":5,"column":0},"end":{"line":5,"column":37}},"5":{"start":{"line":6,"column":0},"end":{"line":6,"column":50}},"6":{"start":{"line":7,"column":0},"end":{"line":7,"column":0}},"7":{"start":{"line":8,"column":0},"end":{"line":8,"column":15}},"8":{"start":{"line":9,"column":0},"end":{"line":9,"column":18}},"9":{"start":{"line":10,"column":0},"end":{"line":10,"column":3}},"10":{"start":{"line":11,"column":0},"end":{"line":11,"column":0}},"11":{"start":{"line":12,"column":0},"end":{"line":12,"column":56}},"12":{"start":{"line":13,"column":0},"end":{"line":13,"column":16}},"13":{"start":{"line":14,"column":0},"end":{"line":14,"column":23}},"14":{"start":{"line":15,"column":0},"end":{"line":15,"column":20}},"15":{"start":{"line":16,"column":0},"end":{"line":16,"column":23}},"16":{"start":{"line":17,"column":0},"end":{"line":17,"column":3}},"17":{"start":{"line":18,"column":0},"end":{"line":18,"column":41}},"18":{"start":{"line":19,"column":0},"end":{"line":19,"column":28}},"19":{"start":{"line":20,"column":0},"end":{"line":20,"column":48}},"20":{"start":{"line":21,"column":0},"end":{"line":21,"column":38}},"21":{"start":{"line":22,"column":0},"end":{"line":22,"column":59}},"22":{"start":{"line":23,"column":0},"end":{"line":23,"column":60}},"23":{"start":{"line":24,"column":0},"end":{"line":24,"column":75}},"24":{"start":{"line":25,"column":0},"end":{"line":25,"column":79}},"25":{"start":{"line":26,"column":0},"end":{"line":26,"column":0}},"26":{"start":{"line":27,"column":0},"end":{"line":27,"column":60}},"27":{"start":{"line":28,"column":0},"end":{"line":28,"column":100}},"28":{"start":{"line":29,"column":0},"end":{"line":29,"column":0}},"29":{"start":{"line":30,"column":0},"end":{"line":30,"column":30}},"30":{"start":{"line":31,"column":0},"end":{"line":31,"column":12}},"31":{"start":{"line":32,"column":0},"end":{"line":32,"column":11}},"32":{"start":{"line":33,"column":0},"end":{"line":33,"column":7}},"33":{"start":{"line":34,"column":0},"end":{"line":34,"column":6}},"34":{"start":{"line":35,"column":0},"end":{"line":35,"column":3}},"35":{"start":{"line":36,"column":0},"end":{"line":36,"column":9}},"36":{"start":{"line":37,"column":0},"end":{"line":37,"column":0}},"37":{"start":{"line":38,"column":0},"end":{"line":38,"column":10}},"38":{"start":{"line":39,"column":0},"end":{"line":39,"column":12}},"39":{"start":{"line":40,"column":0},"end":{"line":40,"column":13}},"40":{"start":{"line":41,"column":0},"end":{"line":41,"column":15}},"41":{"start":{"line":42,"column":0},"end":{"line":42,"column":20}},"42":{"start":{"line":43,"column":0},"end":{"line":43,"column":26}},"43":{"start":{"line":44,"column":0},"end":{"line":44,"column":50}},"44":{"start":{"line":45,"column":0},"end":{"line":45,"column":51}},"45":{"start":{"line":46,"column":0},"end":{"line":46,"column":13}},"46":{"start":{"line":47,"column":0},"end":{"line":47,"column":34}},"47":{"start":{"line":48,"column":0},"end":{"line":48,"column":34}},"48":{"start":{"line":49,"column":0},"end":{"line":49,"column":28}},"49":{"start":{"line":50,"column":0},"end":{"line":50,"column":26}},"50":{"start":{"line":51,"column":0},"end":{"line":51,"column":24}},"51":{"start":{"line":52,"column":0},"end":{"line":52,"column":24}},"52":{"start":{"line":53,"column":0},"end":{"line":53,"column":30}},"53":{"start":{"line":54,"column":0},"end":{"line":54,"column":6}},"54":{"start":{"line":55,"column":0},"end":{"line":55,"column":91}},"55":{"start":{"line":56,"column":0},"end":{"line":56,"column":3}},"56":{"start":{"line":57,"column":0},"end":{"line":57,"column":29}},"57":{"start":{"line":58,"column":0},"end":{"line":58,"column":27}},"58":{"start":{"line":59,"column":0},"end":{"line":59,"column":15}},"59":{"start":{"line":60,"column":0},"end":{"line":60,"column":30}},"60":{"start":{"line":61,"column":0},"end":{"line":61,"column":42}},"61":{"start":{"line":62,"column":0},"end":{"line":62,"column":14}},"62":{"start":{"line":63,"column":0},"end":{"line":63,"column":28}},"63":{"start":{"line":64,"column":0},"end":{"line":64,"column":19}},"64":{"start":{"line":65,"column":0},"end":{"line":65,"column":10}},"65":{"start":{"line":66,"column":0},"end":{"line":66,"column":13}},"66":{"start":{"line":67,"column":0},"end":{"line":67,"column":15}},"67":{"start":{"line":68,"column":0},"end":{"line":68,"column":12}},"68":{"start":{"line":69,"column":0},"end":{"line":69,"column":29}},"69":{"start":{"line":70,"column":0},"end":{"line":70,"column":18}},"70":{"start":{"line":71,"column":0},"end":{"line":71,"column":15}},"71":{"start":{"line":72,"column":0},"end":{"line":72,"column":24}},"72":{"start":{"line":73,"column":0},"end":{"line":73,"column":6}},"73":{"start":{"line":74,"column":0},"end":{"line":74,"column":17}},"74":{"start":{"line":75,"column":0},"end":{"line":75,"column":14}},"75":{"start":{"line":76,"column":0},"end":{"line":76,"column":11}},"76":{"start":{"line":77,"column":0},"end":{"line":77,"column":0}},"77":{"start":{"line":78,"column":0},"end":{"line":78,"column":14}},"78":{"start":{"line":79,"column":0},"end":{"line":79,"column":22}},"79":{"start":{"line":80,"column":0},"end":{"line":80,"column":8}}},"s":{"0":40,"1":1,"2":1,"3":1,"4":1,"5":1,"6":1,"7":1,"8":1,"9":1,"10":1,"11":1,"12":1,"13":1,"14":1,"15":1,"16":1,"17":1,"18":1,"19":1,"20":1,"21":1,"22":1,"23":1,"24":1,"25":1,"26":1,"27":1,"28":1,"29":1,"30":1,"31":1,"32":1,"33":1,"34":1,"35":1,"36":1,"37":1,"38":1,"39":1,"40":1,"41":1,"42":1,"43":1,"44":1,"45":1,"46":1,"47":1,"48":1,"49":1,"50":1,"51":1,"52":1,"53":1,"54":1,"55":1,"56":1,"57":43,"58":43,"59":43,"60":43,"61":43,"62":43,"63":43,"64":43,"65":43,"66":43,"67":43,"68":43,"69":1,"70":1,"71":1,"72":43,"73":43,"74":1,"75":1,"76":1,"77":1,"78":1,"79":1},"branchMap":{"0":{"type":"branch","line":22,"loc":{"start":{"line":22,"column":22},"end":{"line":22,"column":58}},"locations":[{"start":{"line":22,"column":22},"end":{"line":22,"column":58}}]},"1":{"type":"branch","line":22,"loc":{"start":{"line":22,"column":28},"end":{"line":22,"column":41}},"locations":[{"start":{"line":22,"column":28},"end":{"line":22,"column":41}}]},"2":{"type":"branch","line":22,"loc":{"start":{"line":22,"column":33},"end":{"line":22,"column":56}},"locations":[{"start":{"line":22,"column":33},"end":{"line":22,"column":56}}]},"3":{"type":"branch","line":22,"loc":{"start":{"line":22,"column":48},"end":{"line":22,"column":58}},"locations":[{"start":{"line":22,"column":48},"end":{"line":22,"column":58}}]},"4":{"type":"branch","line":23,"loc":{"start":{"line":23,"column":22},"end":{"line":23,"column":58}},"locations":[{"start":{"line":23,"column":22},"end":{"line":23,"column":58}}]},"5":{"type":"branch","line":23,"loc":{"start":{"line":23,"column":28},"end":{"line":23,"column":41}},"locations":[{"start":{"line":23,"column":28},"end":{"line":23,"column":41}}]},"6":{"type":"branch","line":23,"loc":{"start":{"line":23,"column":33},"end":{"line":23,"column":56}},"locations":[{"start":{"line":23,"column":33},"end":{"line":23,"column":56}}]},"7":{"type":"branch","line":23,"loc":{"start":{"line":23,"column":48},"end":{"line":23,"column":58}},"locations":[{"start":{"line":23,"column":48},"end":{"line":23,"column":58}}]},"8":{"type":"branch","line":24,"loc":{"start":{"line":24,"column":26},"end":{"line":24,"column":73}},"locations":[{"start":{"line":24,"column":26},"end":{"line":24,"column":73}}]},"9":{"type":"branch","line":24,"loc":{"start":{"line":24,"column":32},"end":{"line":24,"column":49}},"locations":[{"start":{"line":24,"column":32},"end":{"line":24,"column":49}}]},"10":{"type":"branch","line":24,"loc":{"start":{"line":24,"column":37},"end":{"line":24,"column":68}},"locations":[{"start":{"line":24,"column":37},"end":{"line":24,"column":68}}]},"11":{"type":"branch","line":24,"loc":{"start":{"line":24,"column":56},"end":{"line":24,"column":73}},"locations":[{"start":{"line":24,"column":56},"end":{"line":24,"column":73}}]},"12":{"type":"branch","line":25,"loc":{"start":{"line":25,"column":27},"end":{"line":25,"column":78}},"locations":[{"start":{"line":25,"column":27},"end":{"line":25,"column":78}}]},"13":{"type":"branch","line":25,"loc":{"start":{"line":25,"column":54},"end":{"line":25,"column":71}},"locations":[{"start":{"line":25,"column":54},"end":{"line":25,"column":71}}]},"14":{"type":"branch","line":25,"loc":{"start":{"line":25,"column":64},"end":{"line":25,"column":76}},"locations":[{"start":{"line":25,"column":64},"end":{"line":25,"column":76}}]},"15":{"type":"branch","line":27,"loc":{"start":{"line":27,"column":23},"end":{"line":27,"column":60}},"locations":[{"start":{"line":27,"column":23},"end":{"line":27,"column":60}}]},"16":{"type":"branch","line":44,"loc":{"start":{"line":44,"column":14},"end":{"line":44,"column":40}},"locations":[{"start":{"line":44,"column":14},"end":{"line":44,"column":40}}]},"17":{"type":"branch","line":44,"loc":{"start":{"line":44,"column":30},"end":{"line":44,"column":50}},"locations":[{"start":{"line":44,"column":30},"end":{"line":44,"column":50}}]},"18":{"type":"branch","line":45,"loc":{"start":{"line":45,"column":15},"end":{"line":45,"column":34}},"locations":[{"start":{"line":45,"column":15},"end":{"line":45,"column":34}}]},"19":{"type":"branch","line":45,"loc":{"start":{"line":45,"column":27},"end":{"line":45,"column":51}},"locations":[{"start":{"line":45,"column":27},"end":{"line":45,"column":51}}]},"20":{"type":"branch","line":45,"loc":{"start":{"line":45,"column":34},"end":{"line":45,"column":51}},"locations":[{"start":{"line":45,"column":34},"end":{"line":45,"column":51}}]},"21":{"type":"branch","line":55,"loc":{"start":{"line":55,"column":10},"end":{"line":55,"column":91}},"locations":[{"start":{"line":55,"column":10},"end":{"line":55,"column":91}}]},"22":{"type":"branch","line":55,"loc":{"start":{"line":55,"column":31},"end":{"line":55,"column":73}},"locations":[{"start":{"line":55,"column":31},"end":{"line":55,"column":73}}]},"23":{"type":"branch","line":55,"loc":{"start":{"line":55,"column":69},"end":{"line":55,"column":91}},"locations":[{"start":{"line":55,"column":69},"end":{"line":55,"column":91}}]},"24":{"type":"branch","line":57,"loc":{"start":{"line":57,"column":4},"end":{"line":74,"column":17}},"locations":[{"start":{"line":57,"column":4},"end":{"line":74,"column":17}}]},"25":{"type":"branch","line":1,"loc":{"start":{"line":1,"column":0},"end":{"line":1,"column":24}},"locations":[{"start":{"line":1,"column":0},"end":{"line":1,"column":24}}]},"26":{"type":"branch","line":69,"loc":{"start":{"line":69,"column":12},"end":{"line":69,"column":29}},"locations":[{"start":{"line":69,"column":12},"end":{"line":69,"column":29}}]},"27":{"type":"branch","line":69,"loc":{"start":{"line":69,"column":21},"end":{"line":72,"column":24}},"locations":[{"start":{"line":69,"column":21},"end":{"line":72,"column":24}}]},"28":{"type":"branch","line":72,"loc":{"start":{"line":72,"column":23},"end":{"line":72,"column":24}},"locations":[{"start":{"line":72,"column":23},"end":{"line":72,"column":24}}]}},"b":{"0":[43],"1":[20],"2":[37],"3":[34],"4":[43],"5":[20],"6":[33],"7":[27],"8":[43],"9":[20],"10":[41],"11":[39],"12":[4],"13":[2],"14":[2],"15":[4],"16":[42],"17":[1],"18":[39],"19":[7],"20":[36],"21":[4],"22":[3],"23":[1],"24":[43],"25":[40],"26":[1],"27":[1],"28":[42]},"fnMap":{"0":{"name":"handleBtnClick","decl":{"start":{"line":27,"column":23},"end":{"line":27,"column":60}},"loc":{"start":{"line":27,"column":23},"end":{"line":27,"column":60}},"line":27},"1":{"name":"__vite_ssr_import_5__.createBlock.onClick._cache.<computed>._cache.<computed>","decl":{"start":{"line":55,"column":10},"end":{"line":55,"column":91}},"loc":{"start":{"line":55,"column":10},"end":{"line":55,"column":91}},"line":55}},"f":{"0":4,"1":4}}
,"/Users/liangyingliu/Desktop/Morph/packages/components/Button/ButtonGroup.vue": {"path":"/Users/liangyingliu/Desktop/Morph/packages/components/Button/ButtonGroup.vue","all":false,"statementMap":{"0":{"start":{"line":1,"column":0},"end":{"line":1,"column":24}},"1":{"start":{"line":2,"column":0},"end":{"line":2,"column":47}},"2":{"start":{"line":3,"column":0},"end":{"line":3,"column":46}},"3":{"start":{"line":4,"column":0},"end":{"line":4,"column":50}},"4":{"start":{"line":5,"column":0},"end":{"line":5,"column":0}},"5":{"start":{"line":6,"column":0},"end":{"line":6,"column":15}},"6":{"start":{"line":7,"column":0},"end":{"line":7,"column":22}},"7":{"start":{"line":8,"column":0},"end":{"line":8,"column":2}},"8":{"start":{"line":9,"column":0},"end":{"line":9,"column":0}},"9":{"start":{"line":10,"column":0},"end":{"line":10,"column":45}},"10":{"start":{"line":11,"column":0},"end":{"line":11,"column":0}},"11":{"start":{"line":12,"column":0},"end":{"line":12,"column":8}},"12":{"start":{"line":13,"column":0},"end":{"line":13,"column":23}},"13":{"start":{"line":14,"column":0},"end":{"line":14,"column":12}},"14":{"start":{"line":15,"column":0},"end":{"line":15,"column":31}},"15":{"start":{"line":16,"column":0},"end":{"line":16,"column":31}},"16":{"start":{"line":17,"column":0},"end":{"line":17,"column":38}},"17":{"start":{"line":18,"column":0},"end":{"line":18,"column":4}},"18":{"start":{"line":19,"column":0},"end":{"line":19,"column":1}},"19":{"start":{"line":20,"column":0},"end":{"line":20,"column":0}},"20":{"start":{"line":21,"column":0},"end":{"line":21,"column":9}},"21":{"start":{"line":22,"column":0},"end":{"line":22,"column":0}},"22":{"start":{"line":23,"column":0},"end":{"line":23,"column":10}},"23":{"start":{"line":24,"column":0},"end":{"line":24,"column":30}},"24":{"start":{"line":25,"column":0},"end":{"line":25,"column":17}},"25":{"start":{"line":26,"column":0},"end":{"line":26,"column":8}},"26":{"start":{"line":27,"column":0},"end":{"line":27,"column":11}},"27":{"start":{"line":28,"column":0},"end":{"line":28,"column":0}},"28":{"start":{"line":29,"column":0},"end":{"line":29,"column":14}},"29":{"start":{"line":30,"column":0},"end":{"line":30,"column":21}},"30":{"start":{"line":31,"column":0},"end":{"line":31,"column":8}}},"s":{"0":1,"1":1,"2":1,"3":1,"4":1,"5":1,"6":1,"7":1,"8":1,"9":1,"10":1,"11":1,"12":1,"13":1,"14":1,"15":1,"16":1,"17":1,"18":1,"19":1,"20":1,"21":1,"22":1,"23":1,"24":1,"25":1,"26":1,"27":1,"28":1,"29":1,"30":1},"branchMap":{},"b":{},"fnMap":{},"f":{}}
,"/Users/liangyingliu/Desktop/Morph/packages/components/Button/constants.ts": {"path":"/Users/liangyingliu/Desktop/Morph/packages/components/Button/constants.ts","all":false,"statementMap":{"0":{"start":{"line":1,"column":0},"end":{"line":1,"column":40}},"1":{"start":{"line":2,"column":0},"end":{"line":2,"column":50}},"2":{"start":{"line":3,"column":0},"end":{"line":3,"column":0}},"3":{"start":{"line":4,"column":0},"end":{"line":4,"column":77}},"4":{"start":{"line":5,"column":0},"end":{"line":5,"column":24}},"5":{"start":{"line":6,"column":0},"end":{"line":6,"column":2}}},"s":{"0":1,"1":1,"2":1,"3":1,"4":1,"5":1},"branchMap":{},"b":{},"fnMap":{},"f":{}}
,"/Users/liangyingliu/Desktop/Morph/packages/components/Button/index.ts": {"path":"/Users/liangyingliu/Desktop/Morph/packages/components/Button/index.ts","all":true,"statementMap":{"0":{"start":{"line":1,"column":0},"end":{"line":1,"column":34}},"1":{"start":{"line":2,"column":0},"end":{"line":2,"column":44}},"2":{"start":{"line":3,"column":0},"end":{"line":3,"column":58}},"3":{"start":{"line":4,"column":0},"end":{"line":4,"column":0}},"4":{"start":{"line":5,"column":0},"end":{"line":5,"column":43}},"5":{"start":{"line":6,"column":0},"end":{"line":6,"column":53}},"6":{"start":{"line":7,"column":0},"end":{"line":7,"column":0}},"7":{"start":{"line":8,"column":0},"end":{"line":8,"column":24}}},"s":{"0":0,"1":0,"2":0,"3":0,"4":0,"5":0,"6":0,"7":0},"branchMap":{"0":{"type":"branch","line":1,"loc":{"start":{"line":1,"column":263},"end":{"line":8,"column":24}},"locations":[{"start":{"line":1,"column":263},"end":{"line":8,"column":24}}]}},"b":{"0":[0]},"fnMap":{"0":{"name":"(empty-report)","decl":{"start":{"line":1,"column":263},"end":{"line":8,"column":24}},"loc":{"start":{"line":1,"column":263},"end":{"line":8,"column":24}},"line":1}},"f":{"0":0}}
,"/Users/liangyingliu/Desktop/Morph/packages/components/Collapse/Collapse.vue": {"path":"/Users/liangyingliu/Desktop/Morph/packages/components/Collapse/Collapse.vue","all":false,"statementMap":{"0":{"start":{"line":1,"column":0},"end":{"line":1,"column":24}},"1":{"start":{"line":2,"column":0},"end":{"line":2,"column":78}},"2":{"start":{"line":3,"column":0},"end":{"line":3,"column":55}},"3":{"start":{"line":4,"column":0},"end":{"line":4,"column":47}},"4":{"start":{"line":5,"column":0},"end":{"line":5,"column":48}},"5":{"start":{"line":6,"column":0},"end":{"line":6,"column":0}},"6":{"start":{"line":7,"column":0},"end":{"line":7,"column":39}},"7":{"start":{"line":8,"column":0},"end":{"line":8,"column":0}},"8":{"start":{"line":9,"column":0},"end":{"line":9,"column":15}},"9":{"start":{"line":10,"column":0},"end":{"line":10,"column":18}},"10":{"start":{"line":11,"column":0},"end":{"line":11,"column":3}},"11":{"start":{"line":12,"column":0},"end":{"line":12,"column":0}},"12":{"start":{"line":13,"column":0},"end":{"line":13,"column":43}},"13":{"start":{"line":14,"column":0},"end":{"line":14,"column":43}},"14":{"start":{"line":15,"column":0},"end":{"line":15,"column":62}},"15":{"start":{"line":16,"column":0},"end":{"line":16,"column":0}},"16":{"start":{"line":17,"column":0},"end":{"line":17,"column":19}},"17":{"start":{"line":18,"column":0},"end":{"line":18,"column":56}},"18":{"start":{"line":19,"column":0},"end":{"line":19,"column":76}},"19":{"start":{"line":20,"column":0},"end":{"line":20,"column":3}},"20":{"start":{"line":21,"column":0},"end":{"line":21,"column":3}},"21":{"start":{"line":22,"column":0},"end":{"line":22,"column":0}},"22":{"start":{"line":23,"column":0},"end":{"line":23,"column":50}},"23":{"start":{"line":24,"column":0},"end":{"line":24,"column":44}},"24":{"start":{"line":25,"column":0},"end":{"line":25,"column":0}},"25":{"start":{"line":26,"column":0},"end":{"line":26,"column":24}},"26":{"start":{"line":27,"column":0},"end":{"line":27,"column":58}},"27":{"start":{"line":28,"column":0},"end":{"line":28,"column":36}},"28":{"start":{"line":29,"column":0},"end":{"line":29,"column":11}},"29":{"start":{"line":30,"column":0},"end":{"line":30,"column":3}},"30":{"start":{"line":31,"column":0},"end":{"line":31,"column":0}},"31":{"start":{"line":32,"column":0},"end":{"line":32,"column":43}},"32":{"start":{"line":33,"column":0},"end":{"line":33,"column":19}},"33":{"start":{"line":34,"column":0},"end":{"line":34,"column":34}},"34":{"start":{"line":35,"column":0},"end":{"line":35,"column":10}},"35":{"start":{"line":36,"column":0},"end":{"line":36,"column":28}},"36":{"start":{"line":37,"column":0},"end":{"line":37,"column":3}},"37":{"start":{"line":38,"column":0},"end":{"line":38,"column":34}},"38":{"start":{"line":39,"column":0},"end":{"line":39,"column":1}},"39":{"start":{"line":40,"column":0},"end":{"line":40,"column":0}},"40":{"start":{"line":41,"column":0},"end":{"line":41,"column":64}},"41":{"start":{"line":42,"column":0},"end":{"line":42,"column":37}},"42":{"start":{"line":43,"column":0},"end":{"line":43,"column":45}},"43":{"start":{"line":44,"column":0},"end":{"line":44,"column":34}},"44":{"start":{"line":45,"column":0},"end":{"line":45,"column":1}},"45":{"start":{"line":46,"column":0},"end":{"line":46,"column":0}},"46":{"start":{"line":47,"column":0},"end":{"line":47,"column":6}},"47":{"start":{"line":48,"column":0},"end":{"line":48,"column":25}},"48":{"start":{"line":49,"column":0},"end":{"line":49,"column":55}},"49":{"start":{"line":50,"column":0},"end":{"line":50,"column":2}},"50":{"start":{"line":51,"column":0},"end":{"line":51,"column":0}},"51":{"start":{"line":52,"column":0},"end":{"line":52,"column":27}},"52":{"start":{"line":53,"column":0},"end":{"line":53,"column":14}},"53":{"start":{"line":54,"column":0},"end":{"line":54,"column":18}},"54":{"start":{"line":55,"column":0},"end":{"line":55,"column":3}},"55":{"start":{"line":56,"column":0},"end":{"line":56,"column":9}},"56":{"start":{"line":57,"column":0},"end":{"line":57,"column":0}},"57":{"start":{"line":58,"column":0},"end":{"line":58,"column":10}},"58":{"start":{"line":59,"column":0},"end":{"line":59,"column":26}},"59":{"start":{"line":60,"column":0},"end":{"line":60,"column":17}},"60":{"start":{"line":61,"column":0},"end":{"line":61,"column":8}},"61":{"start":{"line":62,"column":0},"end":{"line":62,"column":11}},"62":{"start":{"line":63,"column":0},"end":{"line":63,"column":0}},"63":{"start":{"line":64,"column":0},"end":{"line":64,"column":14}},"64":{"start":{"line":65,"column":0},"end":{"line":65,"column":22}},"65":{"start":{"line":66,"column":0},"end":{"line":66,"column":8}}},"s":{"0":1,"1":1,"2":1,"3":1,"4":1,"5":1,"6":1,"7":1,"8":1,"9":1,"10":1,"11":1,"12":1,"13":1,"14":1,"15":1,"16":1,"17":5,"18":1,"19":1,"20":1,"21":1,"22":4,"23":4,"24":4,"25":4,"26":2,"27":2,"28":2,"29":2,"30":2,"31":2,"32":4,"33":1,"34":1,"35":1,"36":1,"37":2,"38":4,"39":1,"40":4,"41":4,"42":4,"43":4,"44":4,"45":1,"46":1,"47":1,"48":1,"49":1,"50":1,"51":1,"52":1,"53":1,"54":1,"55":1,"56":1,"57":1,"58":1,"59":1,"60":1,"61":1,"62":1,"63":1,"64":1,"65":1},"branchMap":{"0":{"type":"branch","line":17,"loc":{"start":{"line":17,"column":12},"end":{"line":21,"column":1}},"locations":[{"start":{"line":17,"column":12},"end":{"line":21,"column":1}}]},"1":{"type":"branch","line":18,"loc":{"start":{"line":18,"column":12},"end":{"line":18,"column":55}},"locations":[{"start":{"line":18,"column":12},"end":{"line":18,"column":55}}]},"2":{"type":"branch","line":18,"loc":{"start":{"line":18,"column":55},"end":{"line":20,"column":3}},"locations":[{"start":{"line":18,"column":55},"end":{"line":20,"column":3}}]},"3":{"type":"branch","line":23,"loc":{"start":{"line":23,"column":0},"end":{"line":39,"column":1}},"locations":[{"start":{"line":23,"column":0},"end":{"line":39,"column":1}}]},"4":{"type":"branch","line":26,"loc":{"start":{"line":26,"column":23},"end":{"line":33,"column":18}},"locations":[{"start":{"line":26,"column":23},"end":{"line":33,"column":18}}]},"5":{"type":"branch","line":27,"loc":{"start":{"line":27,"column":40},"end":{"line":27,"column":52}},"locations":[{"start":{"line":27,"column":40},"end":{"line":27,"column":52}}]},"6":{"type":"branch","line":27,"loc":{"start":{"line":27,"column":47},"end":{"line":27,"column":56}},"locations":[{"start":{"line":27,"column":47},"end":{"line":27,"column":56}}]},"7":{"type":"branch","line":33,"loc":{"start":{"line":33,"column":18},"end":{"line":37,"column":3}},"locations":[{"start":{"line":33,"column":18},"end":{"line":37,"column":3}}]},"8":{"type":"branch","line":37,"loc":{"start":{"line":37,"column":2},"end":{"line":38,"column":34}},"locations":[{"start":{"line":37,"column":2},"end":{"line":38,"column":34}}]},"9":{"type":"branch","line":41,"loc":{"start":{"line":41,"column":0},"end":{"line":45,"column":1}},"locations":[{"start":{"line":41,"column":0},"end":{"line":45,"column":1}}]},"10":{"type":"branch","line":48,"loc":{"start":{"line":48,"column":2},"end":{"line":48,"column":25}},"locations":[{"start":{"line":48,"column":2},"end":{"line":48,"column":25}}]}},"b":{"0":[5],"1":[4],"2":[1],"3":[4],"4":[2],"5":[1],"6":[1],"7":[1],"8":[2],"9":[4],"10":[3]},"fnMap":{"0":{"name":"handleItemClick","decl":{"start":{"line":23,"column":0},"end":{"line":39,"column":1}},"loc":{"start":{"line":23,"column":0},"end":{"line":39,"column":1}},"line":23},"1":{"name":"updateActiveNames","decl":{"start":{"line":41,"column":0},"end":{"line":45,"column":1}},"loc":{"start":{"line":41,"column":0},"end":{"line":45,"column":1}},"line":41}},"f":{"0":4,"1":4}}
,"/Users/liangyingliu/Desktop/Morph/packages/components/Collapse/CollapseItem.vue": {"path":"/Users/liangyingliu/Desktop/Morph/packages/components/Collapse/CollapseItem.vue","all":false,"statementMap":{"0":{"start":{"line":1,"column":0},"end":{"line":1,"column":24}},"1":{"start":{"line":2,"column":0},"end":{"line":2,"column":49}},"2":{"start":{"line":3,"column":0},"end":{"line":3,"column":47}},"3":{"start":{"line":4,"column":0},"end":{"line":4,"column":39}},"4":{"start":{"line":5,"column":0},"end":{"line":5,"column":37}},"5":{"start":{"line":6,"column":0},"end":{"line":6,"column":50}},"6":{"start":{"line":7,"column":0},"end":{"line":7,"column":0}},"7":{"start":{"line":8,"column":0},"end":{"line":8,"column":15}},"8":{"start":{"line":9,"column":0},"end":{"line":9,"column":24}},"9":{"start":{"line":10,"column":0},"end":{"line":10,"column":3}},"10":{"start":{"line":11,"column":0},"end":{"line":11,"column":0}},"11":{"start":{"line":12,"column":0},"end":{"line":12,"column":47}},"12":{"start":{"line":13,"column":0},"end":{"line":13,"column":45}},"13":{"start":{"line":14,"column":0},"end":{"line":14,"column":78}},"14":{"start":{"line":15,"column":0},"end":{"line":15,"column":0}},"15":{"start":{"line":16,"column":0},"end":{"line":16,"column":24}},"16":{"start":{"line":17,"column":0},"end":{"line":17,"column":29}},"17":{"start":{"line":18,"column":0},"end":{"line":18,"column":35}},"18":{"start":{"line":19,"column":0},"end":{"line":19,"column":1}},"19":{"start":{"line":20,"column":0},"end":{"line":20,"column":9}},"20":{"start":{"line":21,"column":0},"end":{"line":21,"column":0}},"21":{"start":{"line":22,"column":0},"end":{"line":22,"column":10}},"22":{"start":{"line":23,"column":0},"end":{"line":23,"column":6}},"23":{"start":{"line":24,"column":0},"end":{"line":24,"column":27}},"24":{"start":{"line":25,"column":0},"end":{"line":25,"column":13}},"25":{"start":{"line":26,"column":0},"end":{"line":26,"column":30}},"26":{"start":{"line":27,"column":0},"end":{"line":27,"column":6}},"27":{"start":{"line":28,"column":0},"end":{"line":28,"column":3}},"28":{"start":{"line":29,"column":0},"end":{"line":29,"column":8}},"29":{"start":{"line":30,"column":0},"end":{"line":30,"column":37}},"30":{"start":{"line":31,"column":0},"end":{"line":31,"column":33}},"31":{"start":{"line":32,"column":0},"end":{"line":32,"column":15}},"32":{"start":{"line":33,"column":0},"end":{"line":33,"column":32}},"33":{"start":{"line":34,"column":0},"end":{"line":34,"column":30}},"34":{"start":{"line":35,"column":0},"end":{"line":35,"column":8}},"35":{"start":{"line":36,"column":0},"end":{"line":36,"column":26}},"36":{"start":{"line":37,"column":0},"end":{"line":37,"column":5}},"37":{"start":{"line":38,"column":0},"end":{"line":38,"column":43}},"38":{"start":{"line":39,"column":0},"end":{"line":39,"column":27}},"39":{"start":{"line":40,"column":0},"end":{"line":40,"column":21}},"40":{"start":{"line":41,"column":0},"end":{"line":41,"column":15}},"41":{"start":{"line":42,"column":0},"end":{"line":42,"column":13}},"42":{"start":{"line":43,"column":0},"end":{"line":43,"column":13}},"43":{"start":{"line":44,"column":0},"end":{"line":44,"column":26}},"44":{"start":{"line":45,"column":0},"end":{"line":45,"column":28}},"45":{"start":{"line":46,"column":0},"end":{"line":46,"column":8}},"46":{"start":{"line":47,"column":0},"end":{"line":47,"column":10}},"47":{"start":{"line":48,"column":0},"end":{"line":48,"column":15}},"48":{"start":{"line":49,"column":0},"end":{"line":49,"column":18}},"49":{"start":{"line":50,"column":0},"end":{"line":50,"column":29}},"50":{"start":{"line":51,"column":0},"end":{"line":51,"column":5}},"51":{"start":{"line":52,"column":0},"end":{"line":52,"column":10}},"52":{"start":{"line":53,"column":0},"end":{"line":53,"column":40}},"53":{"start":{"line":54,"column":0},"end":{"line":54,"column":25}},"54":{"start":{"line":55,"column":0},"end":{"line":55,"column":7}},"55":{"start":{"line":56,"column":0},"end":{"line":56,"column":12}},"56":{"start":{"line":57,"column":0},"end":{"line":57,"column":42}},"57":{"start":{"line":58,"column":0},"end":{"line":58,"column":38}},"58":{"start":{"line":59,"column":0},"end":{"line":59,"column":9}},"59":{"start":{"line":60,"column":0},"end":{"line":60,"column":23}},"60":{"start":{"line":61,"column":0},"end":{"line":61,"column":14}},"61":{"start":{"line":62,"column":0},"end":{"line":62,"column":12}},"62":{"start":{"line":63,"column":0},"end":{"line":63,"column":17}},"63":{"start":{"line":64,"column":0},"end":{"line":64,"column":8}},"64":{"start":{"line":65,"column":0},"end":{"line":65,"column":11}},"65":{"start":{"line":66,"column":0},"end":{"line":66,"column":0}},"66":{"start":{"line":67,"column":0},"end":{"line":67,"column":14}},"67":{"start":{"line":68,"column":0},"end":{"line":68,"column":22}},"68":{"start":{"line":69,"column":0},"end":{"line":69,"column":8}}},"s":{"0":1,"1":1,"2":1,"3":1,"4":1,"5":1,"6":1,"7":1,"8":1,"9":1,"10":1,"11":1,"12":1,"13":1,"14":1,"15":5,"16":5,"17":5,"18":5,"19":1,"20":1,"21":1,"22":1,"23":1,"24":1,"25":1,"26":1,"27":1,"28":1,"29":1,"30":1,"31":1,"32":1,"33":1,"34":1,"35":1,"36":1,"37":1,"38":1,"39":1,"40":1,"41":1,"42":1,"43":1,"44":1,"45":1,"46":1,"47":1,"48":1,"49":1,"50":1,"51":1,"52":1,"53":1,"54":1,"55":1,"56":1,"57":1,"58":1,"59":1,"60":1,"61":1,"62":1,"63":1,"64":1,"65":1,"66":1,"67":1,"68":1},"branchMap":{"0":{"type":"branch","line":14,"loc":{"start":{"line":14,"column":26},"end":{"line":14,"column":76}},"locations":[{"start":{"line":14,"column":26},"end":{"line":14,"column":76}}]},"1":{"type":"branch","line":16,"loc":{"start":{"line":16,"column":0},"end":{"line":19,"column":1}},"locations":[{"start":{"line":16,"column":0},"end":{"line":19,"column":1}}]},"2":{"type":"branch","line":17,"loc":{"start":{"line":17,"column":22},"end":{"line":17,"column":29}},"locations":[{"start":{"line":17,"column":22},"end":{"line":17,"column":29}}]},"3":{"type":"branch","line":17,"loc":{"start":{"line":17,"column":22},"end":{"line":18,"column":23}},"locations":[{"start":{"line":17,"column":22},"end":{"line":18,"column":23}}]}},"b":{"0":[18],"1":[5],"2":[1],"3":[4]},"fnMap":{"0":{"name":"handleClick","decl":{"start":{"line":16,"column":0},"end":{"line":19,"column":1}},"loc":{"start":{"line":16,"column":0},"end":{"line":19,"column":1}},"line":16}},"f":{"0":5}}
,"/Users/liangyingliu/Desktop/Morph/packages/components/Collapse/constants.ts": {"path":"/Users/liangyingliu/Desktop/Morph/packages/components/Collapse/constants.ts","all":false,"statementMap":{"0":{"start":{"line":1,"column":0},"end":{"line":1,"column":40}},"1":{"start":{"line":2,"column":0},"end":{"line":2,"column":47}},"2":{"start":{"line":3,"column":0},"end":{"line":3,"column":0}},"3":{"start":{"line":4,"column":0},"end":{"line":4,"column":62}},"4":{"start":{"line":5,"column":0},"end":{"line":5,"column":29}}},"s":{"0":1,"1":1,"2":1,"3":1,"4":1},"branchMap":{},"b":{},"fnMap":{},"f":{}}
,"/Users/liangyingliu/Desktop/Morph/packages/components/Collapse/index.ts": {"path":"/Users/liangyingliu/Desktop/Morph/packages/components/Collapse/index.ts","all":true,"statementMap":{"0":{"start":{"line":1,"column":0},"end":{"line":1,"column":38}},"1":{"start":{"line":2,"column":0},"end":{"line":2,"column":46}},"2":{"start":{"line":3,"column":0},"end":{"line":3,"column":58}},"3":{"start":{"line":4,"column":0},"end":{"line":4,"column":0}},"4":{"start":{"line":5,"column":0},"end":{"line":5,"column":47}},"5":{"start":{"line":6,"column":0},"end":{"line":6,"column":55}},"6":{"start":{"line":7,"column":0},"end":{"line":7,"column":0}},"7":{"start":{"line":8,"column":0},"end":{"line":8,"column":24}}},"s":{"0":0,"1":0,"2":0,"3":0,"4":0,"5":0,"6":0,"7":0},"branchMap":{"0":{"type":"branch","line":1,"loc":{"start":{"line":1,"column":275},"end":{"line":8,"column":24}},"locations":[{"start":{"line":1,"column":275},"end":{"line":8,"column":24}}]}},"b":{"0":[0]},"fnMap":{"0":{"name":"(empty-report)","decl":{"start":{"line":1,"column":275},"end":{"line":8,"column":24}},"loc":{"start":{"line":1,"column":275},"end":{"line":8,"column":24}},"line":1}},"f":{"0":0}}
,"/Users/liangyingliu/Desktop/Morph/packages/components/Collapse/transitionEvents.ts": {"path":"/Users/liangyingliu/Desktop/Morph/packages/components/Collapse/transitionEvents.ts","all":false,"statementMap":{"0":{"start":{"line":1,"column":0},"end":{"line":1,"column":70}},"1":{"start":{"line":2,"column":0},"end":{"line":2,"column":45}},"2":{"start":{"line":3,"column":0},"end":{"line":3,"column":45}},"3":{"start":{"line":4,"column":0},"end":{"line":4,"column":68}},"4":{"start":{"line":5,"column":0},"end":{"line":5,"column":79}},"5":{"start":{"line":6,"column":0},"end":{"line":6,"column":72}},"6":{"start":{"line":7,"column":0},"end":{"line":7,"column":0}},"7":{"start":{"line":8,"column":0},"end":{"line":8,"column":69}},"8":{"start":{"line":9,"column":0},"end":{"line":9,"column":19}},"9":{"start":{"line":10,"column":0},"end":{"line":10,"column":23}},"10":{"start":{"line":11,"column":0},"end":{"line":11,"column":27}},"11":{"start":{"line":12,"column":0},"end":{"line":12,"column":4}},"12":{"start":{"line":13,"column":0},"end":{"line":13,"column":38}},"13":{"start":{"line":14,"column":0},"end":{"line":14,"column":18}},"14":{"start":{"line":15,"column":0},"end":{"line":15,"column":24}},"15":{"start":{"line":16,"column":0},"end":{"line":16,"column":26}},"16":{"start":{"line":17,"column":0},"end":{"line":17,"column":4}},"17":{"start":{"line":18,"column":0},"end":{"line":18,"column":19}},"18":{"start":{"line":19,"column":0},"end":{"line":19,"column":25}},"19":{"start":{"line":20,"column":0},"end":{"line":20,"column":27}},"20":{"start":{"line":21,"column":0},"end":{"line":21,"column":4}},"21":{"start":{"line":22,"column":0},"end":{"line":22,"column":36}},"22":{"start":{"line":23,"column":0},"end":{"line":23,"column":18}},"23":{"start":{"line":24,"column":0},"end":{"line":24,"column":24}},"24":{"start":{"line":25,"column":0},"end":{"line":25,"column":26}},"25":{"start":{"line":26,"column":0},"end":{"line":26,"column":4}},"26":{"start":{"line":27,"column":0},"end":{"line":27,"column":2}},"27":{"start":{"line":28,"column":0},"end":{"line":28,"column":0}},"28":{"start":{"line":29,"column":0},"end":{"line":29,"column":32}}},"s":{"0":1,"1":1,"2":0,"3":1,"4":1,"5":1,"6":1,"7":1,"8":1,"9":0,"10":0,"11":0,"12":1,"13":1,"14":0,"15":0,"16":0,"17":1,"18":0,"19":0,"20":0,"21":1,"22":1,"23":0,"24":0,"25":0,"26":1,"27":1,"28":1},"branchMap":{},"b":{},"fnMap":{"0":{"name":"_setHeightZero","decl":{"start":{"line":1,"column":23},"end":{"line":1,"column":70}},"loc":{"start":{"line":1,"column":23},"end":{"line":1,"column":70}},"line":1},"1":{"name":"_setHeightScroll","decl":{"start":{"line":2,"column":25},"end":{"line":3,"column":45}},"loc":{"start":{"line":2,"column":25},"end":{"line":3,"column":45}},"line":2},"2":{"name":"_setHeightEmpty","decl":{"start":{"line":4,"column":24},"end":{"line":4,"column":68}},"loc":{"start":{"line":4,"column":24},"end":{"line":4,"column":68}},"line":4},"3":{"name":"_setOverflowHidden","decl":{"start":{"line":5,"column":27},"end":{"line":5,"column":79}},"loc":{"start":{"line":5,"column":27},"end":{"line":5,"column":79}},"line":5},"4":{"name":"_setOverflowEmpty","decl":{"start":{"line":6,"column":26},"end":{"line":6,"column":72}},"loc":{"start":{"line":6,"column":26},"end":{"line":6,"column":72}},"line":6},"5":{"name":"beforeEnter","decl":{"start":{"line":9,"column":2},"end":{"line":12,"column":4}},"loc":{"start":{"line":9,"column":2},"end":{"line":12,"column":4}},"line":9},"6":{"name":"enter","decl":{"start":{"line":13,"column":9},"end":{"line":13,"column":38}},"loc":{"start":{"line":13,"column":9},"end":{"line":13,"column":38}},"line":13},"7":{"name":"afterEnter","decl":{"start":{"line":14,"column":2},"end":{"line":17,"column":4}},"loc":{"start":{"line":14,"column":2},"end":{"line":17,"column":4}},"line":14},"8":{"name":"beforeLeave","decl":{"start":{"line":18,"column":2},"end":{"line":21,"column":4}},"loc":{"start":{"line":18,"column":2},"end":{"line":21,"column":4}},"line":18},"9":{"name":"leave","decl":{"start":{"line":22,"column":9},"end":{"line":22,"column":36}},"loc":{"start":{"line":22,"column":9},"end":{"line":22,"column":36}},"line":22},"10":{"name":"afterLeave","decl":{"start":{"line":23,"column":2},"end":{"line":26,"column":4}},"loc":{"start":{"line":23,"column":2},"end":{"line":26,"column":4}},"line":23}},"f":{"0":0,"1":0,"2":0,"3":0,"4":0,"5":0,"6":0,"7":0,"8":0,"9":0,"10":0}}
,"/Users/liangyingliu/Desktop/Morph/packages/components/Icon/Icon.vue": {"path":"/Users/liangyingliu/Desktop/Morph/packages/components/Icon/Icon.vue","all":false,"statementMap":{"0":{"start":{"line":1,"column":0},"end":{"line":1,"column":24}},"1":{"start":{"line":2,"column":0},"end":{"line":2,"column":40}},"2":{"start":{"line":3,"column":0},"end":{"line":3,"column":62}},"3":{"start":{"line":4,"column":0},"end":{"line":4,"column":32}},"4":{"start":{"line":5,"column":0},"end":{"line":5,"column":30}},"5":{"start":{"line":6,"column":0},"end":{"line":6,"column":0}},"6":{"start":{"line":7,"column":0},"end":{"line":7,"column":15}},"7":{"start":{"line":8,"column":0},"end":{"line":8,"column":16}},"8":{"start":{"line":9,"column":0},"end":{"line":9,"column":21}},"9":{"start":{"line":10,"column":0},"end":{"line":10,"column":2}},"10":{"start":{"line":11,"column":0},"end":{"line":11,"column":0}},"11":{"start":{"line":12,"column":0},"end":{"line":12,"column":38}},"12":{"start":{"line":13,"column":0},"end":{"line":13,"column":66}},"13":{"start":{"line":14,"column":0},"end":{"line":14,"column":70}},"14":{"start":{"line":15,"column":0},"end":{"line":15,"column":9}},"15":{"start":{"line":16,"column":0},"end":{"line":16,"column":0}},"16":{"start":{"line":17,"column":0},"end":{"line":17,"column":10}},"17":{"start":{"line":18,"column":0},"end":{"line":18,"column":4}},"18":{"start":{"line":19,"column":0},"end":{"line":19,"column":18}},"19":{"start":{"line":20,"column":0},"end":{"line":20,"column":13}},"20":{"start":{"line":21,"column":0},"end":{"line":21,"column":31}},"21":{"start":{"line":22,"column":0},"end":{"line":22,"column":6}},"22":{"start":{"line":23,"column":0},"end":{"line":23,"column":24}},"23":{"start":{"line":24,"column":0},"end":{"line":24,"column":19}},"24":{"start":{"line":25,"column":0},"end":{"line":25,"column":3}},"25":{"start":{"line":26,"column":0},"end":{"line":26,"column":46}},"26":{"start":{"line":27,"column":0},"end":{"line":27,"column":6}},"27":{"start":{"line":28,"column":0},"end":{"line":28,"column":11}},"28":{"start":{"line":29,"column":0},"end":{"line":29,"column":0}},"29":{"start":{"line":30,"column":0},"end":{"line":30,"column":14}},"30":{"start":{"line":31,"column":0},"end":{"line":31,"column":21}},"31":{"start":{"line":32,"column":0},"end":{"line":32,"column":8}}},"s":{"0":1,"1":1,"2":1,"3":1,"4":1,"5":1,"6":1,"7":1,"8":1,"9":1,"10":1,"11":1,"12":1,"13":1,"14":1,"15":1,"16":1,"17":1,"18":1,"19":1,"20":1,"21":1,"22":1,"23":1,"24":1,"25":1,"26":1,"27":1,"28":1,"29":1,"30":1,"31":1},"branchMap":{"0":{"type":"branch","line":13,"loc":{"start":{"line":13,"column":29},"end":{"line":13,"column":65}},"locations":[{"start":{"line":13,"column":29},"end":{"line":13,"column":65}}]},"1":{"type":"branch","line":14,"loc":{"start":{"line":14,"column":29},"end":{"line":14,"column":69}},"locations":[{"start":{"line":14,"column":29},"end":{"line":14,"column":69}}]}},"b":{"0":[3],"1":[3]},"fnMap":{},"f":{}}
,"/Users/liangyingliu/Desktop/Morph/packages/components/Icon/index.ts": {"path":"/Users/liangyingliu/Desktop/Morph/packages/components/Icon/index.ts","all":true,"statementMap":{"0":{"start":{"line":1,"column":0},"end":{"line":1,"column":30}},"1":{"start":{"line":2,"column":0},"end":{"line":2,"column":50}},"2":{"start":{"line":3,"column":0},"end":{"line":3,"column":0}},"3":{"start":{"line":4,"column":0},"end":{"line":4,"column":39}},"4":{"start":{"line":5,"column":0},"end":{"line":5,"column":0}},"5":{"start":{"line":6,"column":0},"end":{"line":6,"column":24}}},"s":{"0":0,"1":0,"2":0,"3":0,"4":0,"5":0},"branchMap":{"0":{"type":"branch","line":1,"loc":{"start":{"line":1,"column":148},"end":{"line":6,"column":24}},"locations":[{"start":{"line":1,"column":148},"end":{"line":6,"column":24}}]}},"b":{"0":[0]},"fnMap":{"0":{"name":"(empty-report)","decl":{"start":{"line":1,"column":148},"end":{"line":6,"column":24}},"loc":{"start":{"line":1,"column":148},"end":{"line":6,"column":24}},"line":1}},"f":{"0":0}}
,"/Users/liangyingliu/Desktop/Morph/packages/components/Tree/Tree.vue": {"path":"/Users/liangyingliu/Desktop/Morph/packages/components/Tree/Tree.vue","all":true,"statementMap":{"0":{"start":{"line":1,"column":0},"end":{"line":1,"column":29}},"1":{"start":{"line":2,"column":0},"end":{"line":2,"column":33}},"2":{"start":{"line":3,"column":0},"end":{"line":3,"column":74}},"3":{"start":{"line":4,"column":0},"end":{"line":4,"column":39}},"4":{"start":{"line":5,"column":0},"end":{"line":5,"column":15}},"5":{"start":{"line":6,"column":0},"end":{"line":6,"column":16}},"6":{"start":{"line":7,"column":0},"end":{"line":7,"column":3}},"7":{"start":{"line":8,"column":0},"end":{"line":8,"column":39}},"8":{"start":{"line":9,"column":0},"end":{"line":9,"column":29}},"9":{"start":{"line":10,"column":0},"end":{"line":10,"column":17}},"10":{"start":{"line":11,"column":0},"end":{"line":11,"column":21}},"11":{"start":{"line":12,"column":0},"end":{"line":12,"column":25}},"12":{"start":{"line":13,"column":0},"end":{"line":13,"column":27}},"13":{"start":{"line":14,"column":0},"end":{"line":14,"column":28}},"14":{"start":{"line":15,"column":0},"end":{"line":15,"column":28}},"15":{"start":{"line":16,"column":0},"end":{"line":16,"column":24}},"16":{"start":{"line":17,"column":0},"end":{"line":17,"column":25}},"17":{"start":{"line":18,"column":0},"end":{"line":18,"column":21}},"18":{"start":{"line":19,"column":0},"end":{"line":19,"column":15}},"19":{"start":{"line":20,"column":0},"end":{"line":20,"column":29}},"20":{"start":{"line":21,"column":0},"end":{"line":21,"column":52}},"21":{"start":{"line":22,"column":0},"end":{"line":22,"column":4}},"22":{"start":{"line":23,"column":0},"end":{"line":23,"column":2}},"23":{"start":{"line":24,"column":0},"end":{"line":24,"column":25}},"24":{"start":{"line":25,"column":0},"end":{"line":25,"column":45}},"25":{"start":{"line":26,"column":0},"end":{"line":26,"column":13}},"26":{"start":{"line":27,"column":0},"end":{"line":27,"column":18}},"27":{"start":{"line":28,"column":0},"end":{"line":28,"column":43}},"28":{"start":{"line":29,"column":0},"end":{"line":29,"column":46}},"29":{"start":{"line":30,"column":0},"end":{"line":30,"column":32}},"30":{"start":{"line":31,"column":0},"end":{"line":31,"column":16}},"31":{"start":{"line":32,"column":0},"end":{"line":32,"column":10}},"32":{"start":{"line":33,"column":0},"end":{"line":33,"column":35}},"33":{"start":{"line":34,"column":0},"end":{"line":34,"column":22}},"34":{"start":{"line":35,"column":0},"end":{"line":35,"column":4}},"35":{"start":{"line":36,"column":0},"end":{"line":36,"column":21}},"36":{"start":{"line":37,"column":0},"end":{"line":37,"column":33}},"37":{"start":{"line":38,"column":0},"end":{"line":38,"column":21}},"38":{"start":{"line":39,"column":0},"end":{"line":39,"column":26}},"39":{"start":{"line":40,"column":0},"end":{"line":40,"column":29}},"40":{"start":{"line":41,"column":0},"end":{"line":41,"column":31}},"41":{"start":{"line":42,"column":0},"end":{"line":42,"column":32}},"42":{"start":{"line":43,"column":0},"end":{"line":43,"column":32}},"43":{"start":{"line":44,"column":0},"end":{"line":44,"column":28}},"44":{"start":{"line":45,"column":0},"end":{"line":45,"column":29}},"45":{"start":{"line":46,"column":0},"end":{"line":46,"column":25}},"46":{"start":{"line":47,"column":0},"end":{"line":47,"column":19}},"47":{"start":{"line":48,"column":0},"end":{"line":48,"column":33}},"48":{"start":{"line":49,"column":0},"end":{"line":49,"column":56}},"49":{"start":{"line":50,"column":0},"end":{"line":50,"column":8}},"50":{"start":{"line":51,"column":0},"end":{"line":51,"column":6}},"51":{"start":{"line":52,"column":0},"end":{"line":52,"column":29}},"52":{"start":{"line":53,"column":0},"end":{"line":53,"column":12}},"53":{"start":{"line":54,"column":0},"end":{"line":54,"column":12}},"54":{"start":{"line":55,"column":0},"end":{"line":55,"column":6}},"55":{"start":{"line":56,"column":0},"end":{"line":56,"column":4}},"56":{"start":{"line":57,"column":0},"end":{"line":57,"column":3}},"57":{"start":{"line":58,"column":0},"end":{"line":58,"column":9}},"58":{"start":{"line":59,"column":0},"end":{"line":59,"column":0}},"59":{"start":{"line":60,"column":0},"end":{"line":60,"column":10}},"60":{"start":{"line":61,"column":0},"end":{"line":61,"column":22}},"61":{"start":{"line":62,"column":0},"end":{"line":62,"column":28}},"62":{"start":{"line":63,"column":0},"end":{"line":63,"column":21}},"63":{"start":{"line":64,"column":0},"end":{"line":64,"column":32}},"64":{"start":{"line":65,"column":0},"end":{"line":65,"column":19}},"65":{"start":{"line":66,"column":0},"end":{"line":66,"column":10}},"66":{"start":{"line":67,"column":0},"end":{"line":67,"column":8}},"67":{"start":{"line":68,"column":0},"end":{"line":68,"column":11}},"68":{"start":{"line":69,"column":0},"end":{"line":69,"column":0}},"69":{"start":{"line":70,"column":0},"end":{"line":70,"column":14}},"70":{"start":{"line":71,"column":0},"end":{"line":71,"column":22}},"71":{"start":{"line":72,"column":0},"end":{"line":72,"column":8}}},"s":{"0":0,"1":0,"2":0,"3":0,"4":0,"5":0,"6":0,"7":0,"8":0,"9":0,"10":0,"11":0,"12":0,"13":0,"14":0,"15":0,"16":0,"17":0,"18":0,"19":0,"20":0,"21":0,"22":0,"23":0,"24":0,"25":0,"26":0,"27":0,"28":0,"29":0,"30":0,"31":0,"32":0,"33":0,"34":0,"35":0,"36":0,"37":0,"38":0,"39":0,"40":0,"41":0,"42":0,"43":0,"44":0,"45":0,"46":0,"47":0,"48":0,"49":0,"50":0,"51":0,"52":0,"53":0,"54":0,"55":0,"56":0,"57":0,"58":0,"59":0,"60":0,"61":0,"62":0,"63":0,"64":0,"65":0,"66":0,"67":0,"68":0,"69":0,"70":0,"71":0},"branchMap":{"0":{"type":"branch","line":1,"loc":{"start":{"line":1,"column":1684},"end":{"line":72,"column":8}},"locations":[{"start":{"line":1,"column":1684},"end":{"line":72,"column":8}}]}},"b":{"0":[0]},"fnMap":{"0":{"name":"(empty-report)","decl":{"start":{"line":1,"column":1684},"end":{"line":72,"column":8}},"loc":{"start":{"line":1,"column":1684},"end":{"line":72,"column":8}},"line":1}},"f":{"0":0}}
,"/Users/liangyingliu/Desktop/Morph/packages/components/Tree/TreeNode.vue": {"path":"/Users/liangyingliu/Desktop/Morph/packages/components/Tree/TreeNode.vue","all":true,"statementMap":{"0":{"start":{"line":1,"column":0},"end":{"line":1,"column":24}},"1":{"start":{"line":2,"column":0},"end":{"line":2,"column":50}},"2":{"start":{"line":3,"column":0},"end":{"line":3,"column":15}},"3":{"start":{"line":4,"column":0},"end":{"line":4,"column":20}},"4":{"start":{"line":5,"column":0},"end":{"line":5,"column":3}},"5":{"start":{"line":6,"column":0},"end":{"line":6,"column":43}},"6":{"start":{"line":7,"column":0},"end":{"line":7,"column":9}},"7":{"start":{"line":8,"column":0},"end":{"line":8,"column":0}},"8":{"start":{"line":9,"column":0},"end":{"line":9,"column":10}},"9":{"start":{"line":10,"column":0},"end":{"line":10,"column":49}},"10":{"start":{"line":11,"column":0},"end":{"line":11,"column":11}},"11":{"start":{"line":12,"column":0},"end":{"line":12,"column":0}},"12":{"start":{"line":13,"column":0},"end":{"line":13,"column":14}},"13":{"start":{"line":14,"column":0},"end":{"line":14,"column":22}},"14":{"start":{"line":15,"column":0},"end":{"line":15,"column":8}}},"s":{"0":0,"1":0,"2":0,"3":0,"4":0,"5":0,"6":0,"7":0,"8":0,"9":0,"10":0,"11":0,"12":0,"13":0,"14":0},"branchMap":{"0":{"type":"branch","line":1,"loc":{"start":{"line":1,"column":0},"end":{"line":15,"column":8}},"locations":[{"start":{"line":1,"column":0},"end":{"line":15,"column":8}}]}},"b":{"0":[0]},"fnMap":{"0":{"name":"(empty-report)","decl":{"start":{"line":1,"column":0},"end":{"line":15,"column":8}},"loc":{"start":{"line":1,"column":0},"end":{"line":15,"column":8}},"line":1}},"f":{"0":0}}
,"/Users/liangyingliu/Desktop/Morph/packages/components/Tree/index.ts": {"path":"/Users/liangyingliu/Desktop/Morph/packages/components/Tree/index.ts","all":true,"statementMap":{"0":{"start":{"line":1,"column":0},"end":{"line":1,"column":30}},"1":{"start":{"line":2,"column":0},"end":{"line":2,"column":38}},"2":{"start":{"line":3,"column":0},"end":{"line":3,"column":58}},"3":{"start":{"line":4,"column":0},"end":{"line":4,"column":0}},"4":{"start":{"line":5,"column":0},"end":{"line":5,"column":39}},"5":{"start":{"line":6,"column":0},"end":{"line":6,"column":47}},"6":{"start":{"line":7,"column":0},"end":{"line":7,"column":0}},"7":{"start":{"line":8,"column":0},"end":{"line":8,"column":24}}},"s":{"0":0,"1":0,"2":0,"3":0,"4":0,"5":0,"6":0,"7":0},"branchMap":{"0":{"type":"branch","line":1,"loc":{"start":{"line":1,"column":243},"end":{"line":8,"column":24}},"locations":[{"start":{"line":1,"column":243},"end":{"line":8,"column":24}}]}},"b":{"0":[0]},"fnMap":{"0":{"name":"(empty-report)","decl":{"start":{"line":1,"column":243},"end":{"line":8,"column":24}},"loc":{"start":{"line":1,"column":243},"end":{"line":8,"column":24}},"line":1}},"f":{"0":0}}
}
